This file contains any messages produced by compilers while
running configure, to aid debugging if configure makes a mistake.

It was created by Google C++ Testing Framework configure 1.6.0, which was
generated by GNU Autoconf 2.68.  Invocation command line was

  $ ./configure --disable-option-checking --prefix=/usr/local CC=clang CXX=clang++ CXXFLAGS=-std=c++11 -stdlib=libc++ -O3 -g LDFLAGS=-stdlib=libc++ LIBS=-lc++ -lc++abi --cache-file=/dev/null --srcdir=.

## --------- ##
## Platform. ##
## --------- ##

hostname = rkhandelwal-MBP16
uname -m = x86_64
uname -r = 21.6.0
uname -s = Darwin
uname -v = Darwin Kernel Version 21.6.0: Wed Aug 10 14:28:23 PDT 2022; root:xnu-8020.141.5~2/RELEASE_ARM64_T6000

/usr/bin/uname -p = i386
/bin/uname -X     = unknown

/bin/arch              = unknown
/usr/bin/arch -k       = unknown
/usr/convex/getsysinfo = unknown
/usr/bin/hostinfo      = Mach kernel version:
	 Darwin Kernel Version 21.6.0: Wed Aug 10 14:28:23 PDT 2022; root:xnu-8020.141.5~2/RELEASE_ARM64_T6000
Kernel configured for up to 10 processors.
10 processors are physically available.
10 processors are logically available.
Processor type: i486 (Intel 80486)
Processors active: 0 1 2 3 4 5 6 7 8 9
Primary memory available: 32.00 gigabytes
Default processor set: 595 tasks, 3049 threads, 10 processors
Load average: 6.15, Mach factor: 4.27
/bin/machine           = unknown
/usr/bin/oslevel       = unknown
/bin/universe          = unknown

PATH: /Users/rkhandelwal/.sdkman/candidates/java/current/bin
PATH: /Users/rkhandelwal/.sdkman/candidates/grails/current/bin
PATH: /opt/homebrew/bin
PATH: /opt/homebrew/sbin
PATH: /usr/local/bin
PATH: /usr/bin
PATH: /bin
PATH: /usr/sbin
PATH: /sbin


## ----------- ##
## Core tests. ##
## ----------- ##

configure:2293: checking for a BSD-compatible install
configure:2361: result: /usr/bin/install -c
configure:2372: checking whether build environment is sane
configure:2422: result: yes
configure:2563: checking for a thread-safe mkdir -p
configure:2602: result: build-aux/install-sh -c -d
configure:2615: checking for gawk
configure:2645: result: no
configure:2615: checking for mawk
configure:2645: result: no
configure:2615: checking for nawk
configure:2645: result: no
configure:2615: checking for awk
configure:2631: found /usr/bin/awk
configure:2642: result: awk
configure:2653: checking whether make sets $(MAKE)
configure:2675: result: yes
configure:2805: checking for gcc
configure:2832: result: clang
configure:3061: checking for C compiler version
configure:3070: clang --version >&5
Apple clang version 14.0.0 (clang-1400.0.29.102)
Target: x86_64-apple-darwin21.6.0
Thread model: posix
InstalledDir: /Library/Developer/CommandLineTools/usr/bin
configure:3081: $? = 0
configure:3070: clang -v >&5
Apple clang version 14.0.0 (clang-1400.0.29.102)
Target: x86_64-apple-darwin21.6.0
Thread model: posix
InstalledDir: /Library/Developer/CommandLineTools/usr/bin
configure:3081: $? = 0
configure:3070: clang -V >&5
clang: error: argument to '-V' is missing (expected 1 value)
clang: error: no input files
configure:3081: $? = 1
configure:3070: clang -qversion >&5
clang: error: unknown argument '-qversion'; did you mean '--version'?
clang: error: no input files
configure:3081: $? = 1
configure:3101: checking whether the C compiler works
configure:3123: clang   -stdlib=libc++ conftest.c -lc++ -lc++abi >&5
configure:3127: $? = 0
configure:3175: result: yes
configure:3178: checking for C compiler default output file name
configure:3180: result: a.out
configure:3186: checking for suffix of executables
configure:3193: clang -o conftest   -stdlib=libc++ conftest.c -lc++ -lc++abi >&5
configure:3197: $? = 0
configure:3219: result: 
configure:3241: checking whether we are cross compiling
configure:3249: clang -o conftest   -stdlib=libc++ conftest.c -lc++ -lc++abi >&5
configure:3253: $? = 0
configure:3260: ./conftest
configure:3264: $? = 0
configure:3279: result: no
configure:3284: checking for suffix of object files
configure:3306: clang -c   conftest.c >&5
configure:3310: $? = 0
configure:3331: result: o
configure:3335: checking whether we are using the GNU C compiler
configure:3354: clang -c   conftest.c >&5
configure:3354: $? = 0
configure:3363: result: yes
configure:3372: checking whether clang accepts -g
configure:3392: clang -c -g  conftest.c >&5
configure:3392: $? = 0
configure:3433: result: yes
configure:3450: checking for clang option to accept ISO C89
configure:3514: clang  -c   conftest.c >&5
configure:3514: $? = 0
configure:3527: result: none needed
configure:3558: checking for style of include used by make
configure:3586: result: GNU
configure:3612: checking dependency style of clang
configure:3723: result: gcc3
configure:3850: checking for C++ compiler version
configure:3859: clang++ --version >&5
Apple clang version 14.0.0 (clang-1400.0.29.102)
Target: x86_64-apple-darwin21.6.0
Thread model: posix
InstalledDir: /Library/Developer/CommandLineTools/usr/bin
configure:3870: $? = 0
configure:3859: clang++ -v >&5
Apple clang version 14.0.0 (clang-1400.0.29.102)
Target: x86_64-apple-darwin21.6.0
Thread model: posix
InstalledDir: /Library/Developer/CommandLineTools/usr/bin
configure:3870: $? = 0
configure:3859: clang++ -V >&5
clang: error: argument to '-V' is missing (expected 1 value)
clang: error: no input files
configure:3870: $? = 1
configure:3859: clang++ -qversion >&5
clang: error: unknown argument '-qversion'; did you mean '--version'?
clang: error: no input files
configure:3870: $? = 1
configure:3874: checking whether we are using the GNU C++ compiler
configure:3893: clang++ -c -std=c++11 -stdlib=libc++ -O3 -g  conftest.cpp >&5
configure:3893: $? = 0
configure:3902: result: yes
configure:3911: checking whether clang++ accepts -g
configure:3931: clang++ -c -g  conftest.cpp >&5
configure:3931: $? = 0
configure:3972: result: yes
configure:3997: checking dependency style of clang++
configure:4108: result: gcc3
configure:4158: checking build system type
configure:4172: result: x86_64-apple-darwin21.6.0
configure:4192: checking host system type
configure:4205: result: x86_64-apple-darwin21.6.0
configure:4246: checking how to print strings
configure:4273: result: printf
configure:4294: checking for a sed that does not truncate output
configure:4358: result: /usr/bin/sed
configure:4376: checking for grep that handles long lines and -e
configure:4434: result: /usr/bin/grep
configure:4439: checking for egrep
configure:4501: result: /usr/bin/grep -E
configure:4506: checking for fgrep
configure:4568: result: /usr/bin/grep -F
configure:4603: checking for ld used by clang
configure:4670: result: /Library/Developer/CommandLineTools/usr/bin/ld
configure:4677: checking if the linker (/Library/Developer/CommandLineTools/usr/bin/ld) is GNU ld
configure:4692: result: no
configure:4704: checking for BSD- or MS-compatible name lister (nm)
configure:4753: result: /usr/bin/nm -B
configure:4883: checking the name lister (/usr/bin/nm -B) interface
configure:4890: clang++ -c -std=c++11 -stdlib=libc++ -O3 -g  conftest.cpp >&5
configure:4893: /usr/bin/nm -B "conftest.o"
configure:4896: output
0000000000000238 S _some_variable
configure:4903: result: BSD nm
configure:4906: checking whether ln -s works
configure:4910: result: yes
configure:4918: checking the maximum length of command line arguments
configure:5048: result: 786432
configure:5065: checking whether the shell understands some XSI constructs
configure:5075: result: yes
configure:5079: checking whether the shell understands "+="
configure:5085: result: yes
configure:5120: checking how to convert x86_64-apple-darwin21.6.0 file names to x86_64-apple-darwin21.6.0 format
configure:5160: result: func_convert_file_noop
configure:5167: checking how to convert x86_64-apple-darwin21.6.0 file names to toolchain format
configure:5187: result: func_convert_file_noop
configure:5194: checking for /Library/Developer/CommandLineTools/usr/bin/ld option to reload object files
configure:5201: result: -r
configure:5275: checking for objdump
configure:5291: found /usr/bin/objdump
configure:5302: result: objdump
configure:5334: checking how to recognize dependent libraries
configure:5536: result: pass_all
configure:5621: checking for dlltool
configure:5651: result: no
configure:5681: checking how to associate runtime and link libraries
configure:5708: result: printf %s\n
configure:5769: checking for ar
configure:5785: found /usr/bin/ar
configure:5796: result: ar
configure:5833: checking for archiver @FILE support
configure:5850: clang++ -c -std=c++11 -stdlib=libc++ -O3 -g  conftest.cpp >&5
configure:5850: $? = 0
configure:5853: ar cru libconftest.a @conftest.lst >&5
ar: @conftest.lst: No such file or directory
configure:5856: $? = 1
configure:5876: result: no
configure:5934: checking for strip
configure:5950: found /usr/bin/strip
configure:5961: result: strip
configure:6033: checking for ranlib
configure:6049: found /usr/bin/ranlib
configure:6060: result: ranlib
configure:6162: checking command to parse /usr/bin/nm -B output from clang object
configure:6282: clang++ -c -std=c++11 -stdlib=libc++ -O3 -g  conftest.cpp >&5
configure:6285: $? = 0
configure:6289: /usr/bin/nm -B conftest.o \| sed -n -e 's/^.*[ ]\([ABCDGIRSTW][ABCDGIRSTW]*\)[ ][ ]*\([_A-Za-z][_A-Za-z0-9]*\)$/\1 \2 \2/p' | sed '/ __gnu_lto/d' \> conftest.nm
configure:6292: $? = 0
cannot find nm_test_var in conftest.nm
configure:6282: clang++ -c -std=c++11 -stdlib=libc++ -O3 -g  conftest.cpp >&5
configure:6285: $? = 0
configure:6289: /usr/bin/nm -B conftest.o \| sed -n -e 's/^.*[ ]\([ABCDGIRSTW][ABCDGIRSTW]*\)[ ][ ]*_\([_A-Za-z][_A-Za-z0-9]*\)$/\1 _\2 \2/p' | sed '/ __gnu_lto/d' \> conftest.nm
configure:6292: $? = 0
configure:6358: clang++ -o conftest -std=c++11 -stdlib=libc++ -O3 -g  -stdlib=libc++ conftest.cpp conftstm.o >&5
configure:6361: $? = 0
configure:6399: result: ok
configure:6436: checking for sysroot
configure:6466: result: no
configure:6723: checking for mt
configure:6753: result: no
configure:6773: checking if : is a manifest tool
configure:6779: : '-?'
configure:6787: result: no
configure:6843: checking for dsymutil
configure:6859: found /usr/bin/dsymutil
configure:6870: result: dsymutil
configure:6935: checking for nmedit
configure:6951: found /usr/bin/nmedit
configure:6962: result: nmedit
configure:7027: checking for lipo
configure:7043: found /usr/bin/lipo
configure:7054: result: lipo
configure:7119: checking for otool
configure:7135: found /usr/bin/otool
configure:7146: result: otool
configure:7211: checking for otool64
configure:7241: result: no
configure:7286: checking for -single_module linker flag
clang  -stdlib=libc++ -o libconftest.dylib -dynamiclib -Wl,-single_module conftest.c
configure:7319: result: yes
configure:7322: checking for -exported_symbols_list linker flag
configure:7342: clang++ -o conftest -std=c++11 -stdlib=libc++ -O3 -g  -stdlib=libc++ -Wl,-exported_symbols_list,conftest.sym conftest.cpp -lc++ -lc++abi >&5
configure:7342: $? = 0
configure:7352: result: yes
configure:7355: checking for -force_load linker flag
clang  -c -o conftest.o conftest.c
ar cru libconftest.a conftest.o
ranlib libconftest.a
clang  -stdlib=libc++ -o conftest conftest.c -Wl,-force_load,./libconftest.a
configure:7387: result: yes
configure:7429: checking how to run the C preprocessor
configure:7460: clang -E  conftest.c
configure:7460: $? = 0
configure:7474: clang -E  conftest.c
conftest.c:11:10: fatal error: 'ac_nonexistent.h' file not found
#include <ac_nonexistent.h>
         ^~~~~~~~~~~~~~~~~~
1 error generated.
configure:7474: $? = 1
configure: failed program was:
| /* confdefs.h */
| #define PACKAGE_NAME "Google C++ Testing Framework"
| #define PACKAGE_TARNAME "gtest"
| #define PACKAGE_VERSION "1.6.0"
| #define PACKAGE_STRING "Google C++ Testing Framework 1.6.0"
| #define PACKAGE_BUGREPORT "googletestframework@googlegroups.com"
| #define PACKAGE_URL ""
| #define PACKAGE "gtest"
| #define VERSION "1.6.0"
| /* end confdefs.h.  */
| #include <ac_nonexistent.h>
configure:7499: result: clang -E
configure:7519: clang -E  conftest.c
configure:7519: $? = 0
configure:7533: clang -E  conftest.c
conftest.c:11:10: fatal error: 'ac_nonexistent.h' file not found
#include <ac_nonexistent.h>
         ^~~~~~~~~~~~~~~~~~
1 error generated.
configure:7533: $? = 1
configure: failed program was:
| /* confdefs.h */
| #define PACKAGE_NAME "Google C++ Testing Framework"
| #define PACKAGE_TARNAME "gtest"
| #define PACKAGE_VERSION "1.6.0"
| #define PACKAGE_STRING "Google C++ Testing Framework 1.6.0"
| #define PACKAGE_BUGREPORT "googletestframework@googlegroups.com"
| #define PACKAGE_URL ""
| #define PACKAGE "gtest"
| #define VERSION "1.6.0"
| /* end confdefs.h.  */
| #include <ac_nonexistent.h>
configure:7562: checking for ANSI C header files
configure:7582: clang -c   conftest.c >&5
configure:7582: $? = 0
configure:7655: clang -o conftest   -stdlib=libc++ conftest.c -lc++ -lc++abi >&5
configure:7655: $? = 0
configure:7655: ./conftest
configure:7655: $? = 0
configure:7666: result: yes
configure:7679: checking for sys/types.h
configure:7679: clang -c   conftest.c >&5
configure:7679: $? = 0
configure:7679: result: yes
configure:7679: checking for sys/stat.h
configure:7679: clang -c   conftest.c >&5
configure:7679: $? = 0
configure:7679: result: yes
configure:7679: checking for stdlib.h
configure:7679: clang -c   conftest.c >&5
configure:7679: $? = 0
configure:7679: result: yes
configure:7679: checking for string.h
configure:7679: clang -c   conftest.c >&5
configure:7679: $? = 0
configure:7679: result: yes
configure:7679: checking for memory.h
configure:7679: clang -c   conftest.c >&5
configure:7679: $? = 0
configure:7679: result: yes
configure:7679: checking for strings.h
configure:7679: clang -c   conftest.c >&5
configure:7679: $? = 0
configure:7679: result: yes
configure:7679: checking for inttypes.h
configure:7679: clang -c   conftest.c >&5
configure:7679: $? = 0
configure:7679: result: yes
configure:7679: checking for stdint.h
configure:7679: clang -c   conftest.c >&5
configure:7679: $? = 0
configure:7679: result: yes
configure:7679: checking for unistd.h
configure:7679: clang -c   conftest.c >&5
configure:7679: $? = 0
configure:7679: result: yes
configure:7693: checking for dlfcn.h
configure:7693: clang -c   conftest.c >&5
configure:7693: $? = 0
configure:7693: result: yes
configure:7909: checking for objdir
configure:7924: result: .libs
configure:8195: checking if clang supports -fno-rtti -fno-exceptions
configure:8213: clang -c   -fno-rtti -fno-exceptions conftest.c >&5
configure:8217: $? = 0
configure:8230: result: yes
configure:8557: checking for clang option to produce PIC
configure:8564: result: -fno-common -DPIC
configure:8572: checking if clang PIC flag -fno-common -DPIC works
configure:8590: clang -c   -fno-common -DPIC -DPIC conftest.c >&5
configure:8594: $? = 0
configure:8607: result: yes
configure:8636: checking if clang static flag -static works
configure:8664: result: no
configure:8679: checking if clang supports -c -o file.o
configure:8700: clang -c   -o out/conftest2.o conftest.c >&5
configure:8704: $? = 0
configure:8726: result: yes
configure:8734: checking if clang supports -c -o file.o
configure:8781: result: yes
configure:8814: checking whether the clang linker (/Library/Developer/CommandLineTools/usr/bin/ld) supports shared libraries
configure:9971: result: yes
configure:10211: checking dynamic linker characteristics
configure:10956: result: darwin21.6.0 dyld
configure:11063: checking how to hardcode library paths into programs
configure:11088: result: immediate
configure:11628: checking whether stripping libraries is possible
configure:11642: result: yes
configure:11668: checking if libtool supports shared libraries
configure:11670: result: yes
configure:11673: checking whether to build shared libraries
configure:11694: result: yes
configure:11697: checking whether to build static libraries
configure:11701: result: yes
configure:11724: checking how to run the C++ preprocessor
configure:11751: clang++ -E  conftest.cpp
configure:11751: $? = 0
configure:11765: clang++ -E  conftest.cpp
conftest.cpp:23:10: fatal error: 'ac_nonexistent.h' file not found
#include <ac_nonexistent.h>
         ^~~~~~~~~~~~~~~~~~
1 error generated.
configure:11765: $? = 1
configure: failed program was:
| /* confdefs.h */
| #define PACKAGE_NAME "Google C++ Testing Framework"
| #define PACKAGE_TARNAME "gtest"
| #define PACKAGE_VERSION "1.6.0"
| #define PACKAGE_STRING "Google C++ Testing Framework 1.6.0"
| #define PACKAGE_BUGREPORT "googletestframework@googlegroups.com"
| #define PACKAGE_URL ""
| #define PACKAGE "gtest"
| #define VERSION "1.6.0"
| #define STDC_HEADERS 1
| #define HAVE_SYS_TYPES_H 1
| #define HAVE_SYS_STAT_H 1
| #define HAVE_STDLIB_H 1
| #define HAVE_STRING_H 1
| #define HAVE_MEMORY_H 1
| #define HAVE_STRINGS_H 1
| #define HAVE_INTTYPES_H 1
| #define HAVE_STDINT_H 1
| #define HAVE_UNISTD_H 1
| #define HAVE_DLFCN_H 1
| #define LT_OBJDIR ".libs/"
| /* end confdefs.h.  */
| #include <ac_nonexistent.h>
configure:11790: result: clang++ -E
configure:11810: clang++ -E  conftest.cpp
configure:11810: $? = 0
configure:11824: clang++ -E  conftest.cpp
conftest.cpp:23:10: fatal error: 'ac_nonexistent.h' file not found
#include <ac_nonexistent.h>
         ^~~~~~~~~~~~~~~~~~
1 error generated.
configure:11824: $? = 1
configure: failed program was:
| /* confdefs.h */
| #define PACKAGE_NAME "Google C++ Testing Framework"
| #define PACKAGE_TARNAME "gtest"
| #define PACKAGE_VERSION "1.6.0"
| #define PACKAGE_STRING "Google C++ Testing Framework 1.6.0"
| #define PACKAGE_BUGREPORT "googletestframework@googlegroups.com"
| #define PACKAGE_URL ""
| #define PACKAGE "gtest"
| #define VERSION "1.6.0"
| #define STDC_HEADERS 1
| #define HAVE_SYS_TYPES_H 1
| #define HAVE_SYS_STAT_H 1
| #define HAVE_STDLIB_H 1
| #define HAVE_STRING_H 1
| #define HAVE_MEMORY_H 1
| #define HAVE_STRINGS_H 1
| #define HAVE_INTTYPES_H 1
| #define HAVE_STDINT_H 1
| #define HAVE_UNISTD_H 1
| #define HAVE_DLFCN_H 1
| #define LT_OBJDIR ".libs/"
| /* end confdefs.h.  */
| #include <ac_nonexistent.h>
configure:11993: checking for ld used by clang++
configure:12060: result: /Library/Developer/CommandLineTools/usr/bin/ld
configure:12067: checking if the linker (/Library/Developer/CommandLineTools/usr/bin/ld) is GNU ld
configure:12082: result: no
configure:12137: checking whether the clang++ linker (/Library/Developer/CommandLineTools/usr/bin/ld) supports shared libraries
configure:13142: result: yes
configure:13178: clang++ -c -std=c++11 -stdlib=libc++ -O3 -g  conftest.cpp >&5
configure:13181: $? = 0
configure:13701: checking for clang++ option to produce PIC
configure:13708: result: -fno-common -DPIC
configure:13716: checking if clang++ PIC flag -fno-common -DPIC works
configure:13734: clang++ -c -std=c++11 -stdlib=libc++ -O3 -g  -fno-common -DPIC -DPIC conftest.cpp >&5
configure:13738: $? = 0
configure:13751: result: yes
configure:13774: checking if clang++ static flag -static works
configure:13802: result: no
configure:13814: checking if clang++ supports -c -o file.o
configure:13835: clang++ -c -std=c++11 -stdlib=libc++ -O3 -g  -o out/conftest2.o conftest.cpp >&5
configure:13839: $? = 0
configure:13861: result: yes
configure:13866: checking if clang++ supports -c -o file.o
configure:13913: result: yes
configure:13943: checking whether the clang++ linker (/Library/Developer/CommandLineTools/usr/bin/ld) supports shared libraries
configure:13982: result: yes
configure:14123: checking dynamic linker characteristics
configure:14802: result: darwin21.6.0 dyld
configure:14855: checking how to hardcode library paths into programs
configure:14880: result: immediate
configure:14950: checking for python
configure:14981: result: :
configure:15195: checking for the pthreads library -lpthreads
configure:15228: clang -o conftest    -stdlib=libc++ conftest.c -lpthreads -lc++ -lc++abi >&5
conftest.c:28:41: warning: null passed to a callee that requires a non-null argument [-Wnonnull]
                     pthread_attr_init(0); pthread_cleanup_push(0, 0);
                                       ~^
conftest.c:29:44: warning: null passed to a callee that requires a non-null argument [-Wnonnull]
                     pthread_create(0,0,0,0); pthread_cleanup_pop(0);
                                    ~      ^
conftest.c:29:44: warning: null passed to a callee that requires a non-null argument [-Wnonnull]
                     pthread_create(0,0,0,0); pthread_cleanup_pop(0);
                                        ~  ^
3 warnings generated.
ld: library not found for -lpthreads
clang: error: linker command failed with exit code 1 (use -v to see invocation)
configure:15228: $? = 1
configure: failed program was:
| /* confdefs.h */
| #define PACKAGE_NAME "Google C++ Testing Framework"
| #define PACKAGE_TARNAME "gtest"
| #define PACKAGE_VERSION "1.6.0"
| #define PACKAGE_STRING "Google C++ Testing Framework 1.6.0"
| #define PACKAGE_BUGREPORT "googletestframework@googlegroups.com"
| #define PACKAGE_URL ""
| #define PACKAGE "gtest"
| #define VERSION "1.6.0"
| #define STDC_HEADERS 1
| #define HAVE_SYS_TYPES_H 1
| #define HAVE_SYS_STAT_H 1
| #define HAVE_STDLIB_H 1
| #define HAVE_STRING_H 1
| #define HAVE_MEMORY_H 1
| #define HAVE_STRINGS_H 1
| #define HAVE_INTTYPES_H 1
| #define HAVE_STDINT_H 1
| #define HAVE_UNISTD_H 1
| #define HAVE_DLFCN_H 1
| #define LT_OBJDIR ".libs/"
| /* end confdefs.h.  */
| #include <pthread.h>
| int
| main ()
| {
| pthread_t th; pthread_join(th, 0);
|                      pthread_attr_init(0); pthread_cleanup_push(0, 0);
|                      pthread_create(0,0,0,0); pthread_cleanup_pop(0);
|   ;
|   return 0;
| }
configure:15237: result: no
configure:15140: checking whether pthreads work without any flags
configure:15228: clang -o conftest    -stdlib=libc++ conftest.c  -lc++ -lc++abi >&5
conftest.c:28:41: warning: null passed to a callee that requires a non-null argument [-Wnonnull]
                     pthread_attr_init(0); pthread_cleanup_push(0, 0);
                                       ~^
conftest.c:29:44: warning: null passed to a callee that requires a non-null argument [-Wnonnull]
                     pthread_create(0,0,0,0); pthread_cleanup_pop(0);
                                    ~      ^
conftest.c:29:44: warning: null passed to a callee that requires a non-null argument [-Wnonnull]
                     pthread_create(0,0,0,0); pthread_cleanup_pop(0);
                                        ~  ^
3 warnings generated.
configure:15228: $? = 0
configure:15237: result: yes
configure:15256: checking for joinable pthread attribute
configure:15271: clang -o conftest    -stdlib=libc++ conftest.c  -lc++ -lc++abi >&5
configure:15271: $? = 0
configure:15277: result: PTHREAD_CREATE_JOINABLE
configure:15287: checking if more special flags are required for pthreads
configure:15294: result: -D_THREAD_SAFE
configure:15383: checking whether to check for GCC pthread/shared inconsistencies
configure:15396: clang -o conftest -shared -fPIC -Wl,-z,defs  -D_THREAD_SAFE   -stdlib=libc++ conftest.c  -lc++ -lc++abi >&5
ld: unknown option: -z
clang: error: linker command failed with exit code 1 (use -v to see invocation)
configure:15396: $? = 1
configure: failed program was:
| /* confdefs.h */
| #define PACKAGE_NAME "Google C++ Testing Framework"
| #define PACKAGE_TARNAME "gtest"
| #define PACKAGE_VERSION "1.6.0"
| #define PACKAGE_STRING "Google C++ Testing Framework 1.6.0"
| #define PACKAGE_BUGREPORT "googletestframework@googlegroups.com"
| #define PACKAGE_URL ""
| #define PACKAGE "gtest"
| #define VERSION "1.6.0"
| #define STDC_HEADERS 1
| #define HAVE_SYS_TYPES_H 1
| #define HAVE_SYS_STAT_H 1
| #define HAVE_STDLIB_H 1
| #define HAVE_STRING_H 1
| #define HAVE_MEMORY_H 1
| #define HAVE_STRINGS_H 1
| #define HAVE_INTTYPES_H 1
| #define HAVE_STDINT_H 1
| #define HAVE_UNISTD_H 1
| #define HAVE_DLFCN_H 1
| #define LT_OBJDIR ".libs/"
| /* end confdefs.h.  */
| 
| int
| main ()
| {
| 
|   ;
|   return 0;
| }
configure:15405: result: no
configure:15718: creating ./config.status

## ---------------------- ##
## Running config.status. ##
## ---------------------- ##

This file was extended by Google C++ Testing Framework config.status 1.6.0, which was
generated by GNU Autoconf 2.68.  Invocation command line was

  CONFIG_FILES    = 
  CONFIG_HEADERS  = 
  CONFIG_LINKS    = 
  CONFIG_COMMANDS = 
  $ ./config.status 

on rkhandelwal-MBP16

config.status:1159: creating Makefile
config.status:1159: creating scripts/gtest-config
config.status:1159: creating build-aux/config.h
config.status:1388: executing depfiles commands
config.status:1388: executing libtool commands

## ---------------- ##
## Cache variables. ##
## ---------------- ##

ac_cv_build=x86_64-apple-darwin21.6.0
ac_cv_c_compiler_gnu=yes
ac_cv_cxx_compiler_gnu=yes
ac_cv_env_CCC_set=
ac_cv_env_CCC_value=
ac_cv_env_CC_set=set
ac_cv_env_CC_value=clang
ac_cv_env_CFLAGS_set=set
ac_cv_env_CFLAGS_value=
ac_cv_env_CPPFLAGS_set=
ac_cv_env_CPPFLAGS_value=
ac_cv_env_CPP_set=
ac_cv_env_CPP_value=
ac_cv_env_CXXCPP_set=
ac_cv_env_CXXCPP_value=
ac_cv_env_CXXFLAGS_set=set
ac_cv_env_CXXFLAGS_value='-std=c++11 -stdlib=libc++ -O3 -g'
ac_cv_env_CXX_set=set
ac_cv_env_CXX_value=clang++
ac_cv_env_LDFLAGS_set=set
ac_cv_env_LDFLAGS_value=-stdlib=libc++
ac_cv_env_LIBS_set=set
ac_cv_env_LIBS_value='-lc++ -lc++abi'
ac_cv_env_build_alias_set=
ac_cv_env_build_alias_value=
ac_cv_env_host_alias_set=
ac_cv_env_host_alias_value=
ac_cv_env_target_alias_set=
ac_cv_env_target_alias_value=
ac_cv_header_dlfcn_h=yes
ac_cv_header_inttypes_h=yes
ac_cv_header_memory_h=yes
ac_cv_header_stdc=yes
ac_cv_header_stdint_h=yes
ac_cv_header_stdlib_h=yes
ac_cv_header_string_h=yes
ac_cv_header_strings_h=yes
ac_cv_header_sys_stat_h=yes
ac_cv_header_sys_types_h=yes
ac_cv_header_unistd_h=yes
ac_cv_host=x86_64-apple-darwin21.6.0
ac_cv_objext=o
ac_cv_path_EGREP='/usr/bin/grep -E'
ac_cv_path_FGREP='/usr/bin/grep -F'
ac_cv_path_GREP=/usr/bin/grep
ac_cv_path_PYTHON=:
ac_cv_path_SED=/usr/bin/sed
ac_cv_path_install='/usr/bin/install -c'
ac_cv_prog_AWK=awk
ac_cv_prog_CPP='clang -E'
ac_cv_prog_CXXCPP='clang++ -E'
ac_cv_prog_ac_ct_AR=ar
ac_cv_prog_ac_ct_CC=clang
ac_cv_prog_ac_ct_DSYMUTIL=dsymutil
ac_cv_prog_ac_ct_LIPO=lipo
ac_cv_prog_ac_ct_NMEDIT=nmedit
ac_cv_prog_ac_ct_OBJDUMP=objdump
ac_cv_prog_ac_ct_OTOOL=otool
ac_cv_prog_ac_ct_RANLIB=ranlib
ac_cv_prog_ac_ct_STRIP=strip
ac_cv_prog_cc_c89=
ac_cv_prog_cc_g=yes
ac_cv_prog_cxx_g=yes
ac_cv_prog_make_make_set=yes
am_cv_CC_dependencies_compiler_type=gcc3
am_cv_CXX_dependencies_compiler_type=gcc3
lt_cv_apple_cc_single_mod=yes
lt_cv_ar_at_file=no
lt_cv_deplibs_check_method=pass_all
lt_cv_file_magic_cmd='$MAGIC_CMD'
lt_cv_file_magic_test_file=
lt_cv_ld_exported_symbols_list=yes
lt_cv_ld_force_load=yes
lt_cv_ld_reload_flag=-r
lt_cv_nm_interface='BSD nm'
lt_cv_objdir=.libs
lt_cv_path_LD=/Library/Developer/CommandLineTools/usr/bin/ld
lt_cv_path_LDCXX=/Library/Developer/CommandLineTools/usr/bin/ld
lt_cv_path_NM='/usr/bin/nm -B'
lt_cv_path_mainfest_tool=no
lt_cv_prog_compiler_c_o=yes
lt_cv_prog_compiler_c_o_CXX=yes
lt_cv_prog_compiler_pic='-fno-common -DPIC'
lt_cv_prog_compiler_pic_CXX='-fno-common -DPIC'
lt_cv_prog_compiler_pic_works=yes
lt_cv_prog_compiler_pic_works_CXX=yes
lt_cv_prog_compiler_rtti_exceptions=yes
lt_cv_prog_compiler_static_works=no
lt_cv_prog_compiler_static_works_CXX=no
lt_cv_prog_gnu_ld=no
lt_cv_prog_gnu_ldcxx=no
lt_cv_sharedlib_from_linklib_cmd='printf %s\n'
lt_cv_sys_global_symbol_pipe='sed -n -e '\''s/^.*[	 ]\([ABCDGIRSTW][ABCDGIRSTW]*\)[	 ][	 ]*_\([_A-Za-z][_A-Za-z0-9]*\)$/\1 _\2 \2/p'\'' | sed '\''/ __gnu_lto/d'\'''
lt_cv_sys_global_symbol_to_c_name_address='sed -n -e '\''s/^: \([^ ]*\)[ ]*$/  {\"\1\", (void *) 0},/p'\'' -e '\''s/^[ABCDGIRSTW]* \([^ ]*\) \([^ ]*\)$/  {"\2", (void *) \&\2},/p'\'''
lt_cv_sys_global_symbol_to_c_name_address_lib_prefix='sed -n -e '\''s/^: \([^ ]*\)[ ]*$/  {\"\1\", (void *) 0},/p'\'' -e '\''s/^[ABCDGIRSTW]* \([^ ]*\) \(lib[^ ]*\)$/  {"\2", (void *) \&\2},/p'\'' -e '\''s/^[ABCDGIRSTW]* \([^ ]*\) \([^ ]*\)$/  {"lib\2", (void *) \&\2},/p'\'''
lt_cv_sys_global_symbol_to_cdecl='sed -n -e '\''s/^T .* \(.*\)$/extern int \1();/p'\'' -e '\''s/^[ABCDGIRSTW]* .* \(.*\)$/extern char \1;/p'\'''
lt_cv_sys_max_cmd_len=786432
lt_cv_to_host_file_cmd=func_convert_file_noop
lt_cv_to_tool_file_cmd=func_convert_file_noop

## ----------------- ##
## Output variables. ##
## ----------------- ##

ACLOCAL='${SHELL} /Users/rkhandelwal/upstream/hadoop/protobuf-2.5.0/gtest/build-aux/missing --run aclocal-1.11'
AMDEPBACKSLASH='\'
AMDEP_FALSE='#'
AMDEP_TRUE=''
AMTAR='$${TAR-tar}'
AR='ar'
AUTOCONF='${SHELL} /Users/rkhandelwal/upstream/hadoop/protobuf-2.5.0/gtest/build-aux/missing --run autoconf'
AUTOHEADER='${SHELL} /Users/rkhandelwal/upstream/hadoop/protobuf-2.5.0/gtest/build-aux/missing --run autoheader'
AUTOMAKE='${SHELL} /Users/rkhandelwal/upstream/hadoop/protobuf-2.5.0/gtest/build-aux/missing --run automake-1.11'
AWK='awk'
CC='clang'
CCDEPMODE='depmode=gcc3'
CFLAGS=''
CPP='clang -E'
CPPFLAGS=''
CXX='clang++'
CXXCPP='clang++ -E'
CXXDEPMODE='depmode=gcc3'
CXXFLAGS='-std=c++11 -stdlib=libc++ -O3 -g'
CYGPATH_W='echo'
DEFS='-DHAVE_CONFIG_H'
DEPDIR='.deps'
DLLTOOL='false'
DSYMUTIL='dsymutil'
DUMPBIN=''
ECHO_C='\c'
ECHO_N=''
ECHO_T=''
EGREP='/usr/bin/grep -E'
EXEEXT=''
FGREP='/usr/bin/grep -F'
GREP='/usr/bin/grep'
HAVE_PTHREADS_FALSE='#'
HAVE_PTHREADS_TRUE=''
HAVE_PYTHON_FALSE=''
HAVE_PYTHON_TRUE='#'
INSTALL_DATA='${INSTALL} -m 644'
INSTALL_PROGRAM='${INSTALL}'
INSTALL_SCRIPT='${INSTALL}'
INSTALL_STRIP_PROGRAM='$(install_sh) -c -s'
LD='/Library/Developer/CommandLineTools/usr/bin/ld'
LDFLAGS='-stdlib=libc++'
LIBOBJS=''
LIBS='-lc++ -lc++abi'
LIBTOOL='$(SHELL) $(top_builddir)/libtool'
LIPO='lipo'
LN_S='ln -s'
LTLIBOBJS=''
MAKEINFO='${SHELL} /Users/rkhandelwal/upstream/hadoop/protobuf-2.5.0/gtest/build-aux/missing --run makeinfo'
MANIFEST_TOOL=':'
MKDIR_P='build-aux/install-sh -c -d'
NM='/usr/bin/nm -B'
NMEDIT='nmedit'
OBJDUMP='objdump'
OBJEXT='o'
OTOOL64=':'
OTOOL='otool'
PACKAGE='gtest'
PACKAGE_BUGREPORT='googletestframework@googlegroups.com'
PACKAGE_NAME='Google C++ Testing Framework'
PACKAGE_STRING='Google C++ Testing Framework 1.6.0'
PACKAGE_TARNAME='gtest'
PACKAGE_URL=''
PACKAGE_VERSION='1.6.0'
PATH_SEPARATOR=':'
PTHREAD_CC='clang'
PTHREAD_CFLAGS='-D_THREAD_SAFE '
PTHREAD_LIBS=''
PYTHON=':'
RANLIB='ranlib'
SED='/usr/bin/sed'
SET_MAKE=''
SHELL='/bin/sh'
STRIP='strip'
VERSION='1.6.0'
ac_ct_AR='ar'
ac_ct_CC='clang'
ac_ct_CXX=''
ac_ct_DUMPBIN=''
acx_pthread_config=''
am__EXEEXT_FALSE=''
am__EXEEXT_TRUE='#'
am__fastdepCC_FALSE='#'
am__fastdepCC_TRUE=''
am__fastdepCXX_FALSE='#'
am__fastdepCXX_TRUE=''
am__include='include'
am__isrc=''
am__leading_dot='.'
am__nodep='_no'
am__quote=''
am__tar='$${TAR-tar} chof - "$$tardir"'
am__untar='$${TAR-tar} xf -'
bindir='${exec_prefix}/bin'
build='x86_64-apple-darwin21.6.0'
build_alias=''
build_cpu='x86_64'
build_os='darwin21.6.0'
build_vendor='apple'
datadir='${datarootdir}'
datarootdir='${prefix}/share'
docdir='${datarootdir}/doc/${PACKAGE_TARNAME}'
dvidir='${docdir}'
exec_prefix='${prefix}'
host='x86_64-apple-darwin21.6.0'
host_alias=''
host_cpu='x86_64'
host_os='darwin21.6.0'
host_vendor='apple'
htmldir='${docdir}'
includedir='${prefix}/include'
infodir='${datarootdir}/info'
install_sh='${SHELL} /Users/rkhandelwal/upstream/hadoop/protobuf-2.5.0/gtest/build-aux/install-sh'
libdir='${exec_prefix}/lib'
libexecdir='${exec_prefix}/libexec'
localedir='${datarootdir}/locale'
localstatedir='${prefix}/var'
mandir='${datarootdir}/man'
mkdir_p='$(top_builddir)/build-aux/install-sh -c -d'
oldincludedir='/usr/include'
pdfdir='${docdir}'
prefix='/usr/local'
program_transform_name='s,x,x,'
psdir='${docdir}'
sbindir='${exec_prefix}/sbin'
sharedstatedir='${prefix}/com'
sysconfdir='${prefix}/etc'
target_alias=''

## ----------- ##
## confdefs.h. ##
## ----------- ##

/* confdefs.h */
#define PACKAGE_NAME "Google C++ Testing Framework"
#define PACKAGE_TARNAME "gtest"
#define PACKAGE_VERSION "1.6.0"
#define PACKAGE_STRING "Google C++ Testing Framework 1.6.0"
#define PACKAGE_BUGREPORT "googletestframework@googlegroups.com"
#define PACKAGE_URL ""
#define PACKAGE "gtest"
#define VERSION "1.6.0"
#define STDC_HEADERS 1
#define HAVE_SYS_TYPES_H 1
#define HAVE_SYS_STAT_H 1
#define HAVE_STDLIB_H 1
#define HAVE_STRING_H 1
#define HAVE_MEMORY_H 1
#define HAVE_STRINGS_H 1
#define HAVE_INTTYPES_H 1
#define HAVE_STDINT_H 1
#define HAVE_UNISTD_H 1
#define HAVE_DLFCN_H 1
#define LT_OBJDIR ".libs/"
#define HAVE_PTHREAD 1

configure: exit 0
